\BOOKMARK [1][-]{section*.2}{\376\377\000\332\000v\000o\000d}{}% 1
\BOOKMARK [1][-]{section.1}{\376\377\000P\000r\000o\000b\000l\000\351\000m\000y\000\040\000k\000v\000a\000n\000t\000o\000v\000\351\000\040\000m\000e\000c\000h\000a\000n\000i\000k\000y}{}% 2
\BOOKMARK [2][-]{subsection.1.1}{\376\377\000P\000r\000o\000b\000l\000\351\000m\000\040\000m\001\033\001\131\000e\000n\000\355}{section.1}% 3
\BOOKMARK [2][-]{subsection.1.2}{\376\377\000P\000r\000o\000b\000l\000\351\000m\000\040\000u\000n\000i\000f\000i\000k\000a\000c\000e}{section.1}% 4
\BOOKMARK [1][-]{section.2}{\376\377\000B\000e\000l\000l\000o\000v\000a\000\040\000n\000e\000r\000o\000v\000n\000o\000s\000t}{}% 5
\BOOKMARK [2][-]{subsection.2.1}{\376\377\000B\000e\000l\000l\000o\000v\000y\000\040\000t\000e\000s\000t\000y}{section.2}% 6
\BOOKMARK [3][-]{subsubsection.2.1.1}{\376\377\000N\000e\000p\001\131\000e\000s\000n\000o\000s\000t\000i\000\040\000v\000\040\000B\000e\000l\000l\000o\000v\000\375\000c\000h\000\040\000t\000e\000s\000t\000e\000c\000h}{subsection.2.1}% 7
\BOOKMARK [1][-]{section.3}{\376\377\000D\000e\000f\000i\000n\000u\000j\000\355\000c\000\355\000\040\000v\000l\000a\000s\000t\000n\000o\000s\000t\000i}{}% 8
\BOOKMARK [2][-]{subsection.3.1}{\376\377\000P\000s\000i\000-\000e\000p\000i\000s\000t\000e\000m\000i\000c\000k\000\341}{section.3}% 9
\BOOKMARK [2][-]{subsection.3.2}{\376\377\000D\000e\000t\000e\000r\000m\000i\000n\000i\000s\000t\000i\000c\000k\000\341}{section.3}% 10
\BOOKMARK [2][-]{subsection.3.3}{\376\377\000L\000o\000k\000\341\000l\000n\000\355}{section.3}% 11
\BOOKMARK [2][-]{subsection.3.4}{\376\377\000P\000o\000r\000u\001\141\000e\000n\000\355\000\040\000S\000t\000a\000t\000i\000s\000t\000i\000c\000k\000\351\000\040\000N\000e\000z\000\341\000v\000i\000s\000l\000o\000s\000t\000i}{section.3}% 12
\BOOKMARK [1][-]{section.4}{\376\377\000P\000r\000o\000t\000i\000a\000r\000g\000u\000m\000e\000n\000t\000y}{}% 13
\BOOKMARK [2][-]{subsection.4.1}{\376\377\000B\000e\000l\000l\000o\000v\000y\000\040\000t\000e\000s\000t\000y}{section.4}% 14
\BOOKMARK [3][-]{subsubsection.4.1.1}{\376\377\000K\000o\000s\000m\000i\000c\000k\000\351\000\040\000B\000e\000l\000l\000o\000v\000y\000\040\000t\000e\000s\000t\000y}{subsection.4.1}% 15
\BOOKMARK [3][-]{subsubsection.4.1.2}{\376\377\000V\000e\000l\000k\000\375\000\040\000B\000e\000l\000l\001\157\000v\000\040\000t\000e\000s\000t}{subsection.4.1}% 16
\BOOKMARK [2][-]{subsection.4.2}{\376\377\000S\000v\000o\000b\000o\000d\000n\000\341\000\040\000v\001\157\000l\000e}{section.4}% 17
\BOOKMARK [3][-]{subsubsection.4.2.1}{\376\377\000S\000v\000o\000b\000o\000d\000n\000\341\000\040\000v\001\157\000l\000e\000\040\000i\000l\000u\000z\000\355}{subsection.4.2}% 18
\BOOKMARK [2][-]{subsection.4.3}{\376\377\000O\000h\000r\000o\001\176\000e\000n\000\355\000\040\000v\001\033\000d\000e\000c\000k\000\351\000\040\000m\000e\000t\000o\000d\000y}{section.4}% 19
\BOOKMARK [1][-]{section.5}{\376\377\000V\000\375\000h\000l\000e\000d}{}% 20
\BOOKMARK [2][-]{subsection.5.1}{\376\377\000I\000S\000T}{section.5}% 21
\BOOKMARK [1][-]{section*.3}{\376\377\000Z\000\341\000v\001\033\000r}{}% 22
\BOOKMARK [1][-]{section*.4}{\376\377\000S\000e\000z\000n\000a\000m\000\040\000p\000o\000u\001\176\000i\000t\000\351\000\040\000l\000i\000t\000e\000r\000a\000t\000u\000r\000y}{}% 23
\BOOKMARK [2][-]{section*.5}{\376\377\000K\000n\000i\000h\000y}{section*.4}% 24
\BOOKMARK [2][-]{section*.6}{\376\377\000V\000i\000d\000e\000a}{section*.4}% 25
\BOOKMARK [2][-]{section*.7}{\376\377\001\014\000l\000\341\000n\000k\000y}{section*.4}% 26
\BOOKMARK [2][-]{section*.8}{\376\377\000I\000n\000t\000e\000r\000n\000e\000t\000o\000v\000\351\000\040\001\015\000l\000\341\000n\000k\000y}{section*.4}% 27
